<?xml version="1.0" encoding="UTF-8"?>
<!-- Generated by org.testng.reporters.JUnitXMLReporter -->
<testsuite ignored="0" hostname="LAPTOP-R7PM3RDF" failures="0" tests="3" name="Default test" time="2.183" errors="0" timestamp="2026-06-08T21:08:07 IST">
  <testcase classname="files.DynamicJson" name="addBook" time="1.921"/>
  <testcase classname="files.DynamicJson" name="addBook" time="0.107"/>
  <testcase classname="files.DynamicJson" name="addBook" time="0.098"/>
</testsuite> <!-- Default test -->
