<?xml version="1.0" encoding="UTF-8"?>
<testng-results ignored="0" total="3" passed="3" failed="0" skipped="0">
  <reporter-output>
  </reporter-output>
  <suite started-at="2026-06-08T21:08:05 IST" name="Default suite" finished-at="2026-06-08T21:08:07 IST" duration-ms="2183">
    <groups>
    </groups>
    <test started-at="2026-06-08T21:08:05 IST" name="Default test" finished-at="2026-06-08T21:08:07 IST" duration-ms="2183">
      <class name="files.DynamicJson">
        <test-method signature="addBook(java.lang.String,java.lang.String)[pri:0, instance:files.DynamicJson@7c7a06ec]" started-at="2026-06-08T21:08:05 IST" name="addBook" data-provider="booksData" finished-at="2026-06-08T21:08:07 IST" duration-ms="1921" status="PASS">
          <params>
            <param index="0">
              <value>
                <![CDATA[milio]]>
              </value>
            </param>
            <param index="1">
              <value>
                <![CDATA[674]]>
              </value>
            </param>
          </params>
          <reporter-output>
          </reporter-output>
        </test-method> <!-- addBook -->
        <test-method signature="addBook(java.lang.String,java.lang.String)[pri:0, instance:files.DynamicJson@7c7a06ec]" started-at="2026-06-08T21:08:07 IST" name="addBook" data-provider="booksData" finished-at="2026-06-08T21:08:07 IST" duration-ms="107" status="PASS">
          <params>
            <param index="0">
              <value>
                <![CDATA[fgdfgf]]>
              </value>
            </param>
            <param index="1">
              <value>
                <![CDATA[43534]]>
              </value>
            </param>
          </params>
          <reporter-output>
          </reporter-output>
        </test-method> <!-- addBook -->
        <test-method signature="addBook(java.lang.String,java.lang.String)[pri:0, instance:files.DynamicJson@7c7a06ec]" started-at="2026-06-08T21:08:07 IST" name="addBook" data-provider="booksData" finished-at="2026-06-08T21:08:07 IST" duration-ms="98" status="PASS">
          <params>
            <param index="0">
              <value>
                <![CDATA[fdasd]]>
              </value>
            </param>
            <param index="1">
              <value>
                <![CDATA[343]]>
              </value>
            </param>
          </params>
          <reporter-output>
          </reporter-output>
        </test-method> <!-- addBook -->
      </class> <!-- files.DynamicJson -->
    </test> <!-- Default test -->
  </suite> <!-- Default suite -->
</testng-results>
