<?xml version="1.0" encoding="UTF-8"?>
<!-- Generated by org.testng.reporters.JUnitReportReporter -->
<testsuite hostname="LAPTOP-R7PM3RDF" failures="0" tests="3" name="files.DynamicJson" time="2.126" errors="0" timestamp="2026-06-08T21:08:08 IST" skipped="0">
  <testcase classname="files.DynamicJson" name="addBook" time="0.107"/>
  <testcase classname="files.DynamicJson" name="addBook" time="0.098"/>
  <testcase classname="files.DynamicJson" name="addBook" time="1.921"/>
</testsuite> <!-- files.DynamicJson -->
